Application_mobile/androidDatabaseExample-master 21 - copie/app/build/outputs/logs/manifest-merger-debug-report.txt
-- Merging decision tree log ---
manifest
ADDED from src/main/AndroidManifest.xml:2:1-78:12
	package
		ADDED from src/main/AndroidManifest.xml:3:5-45
		INJECTED from src/main/AndroidManifest.xml
		INJECTED from src/main/AndroidManifest.xml
	android:versionName
		ADDED from src/main/AndroidManifest.xml:5:5-30
		INJECTED from src/main/AndroidManifest.xml
		INJECTED from src/main/AndroidManifest.xml
	android:versionCode
		ADDED from src/main/AndroidManifest.xml:4:5-28
		INJECTED from src/main/AndroidManifest.xml
		INJECTED from src/main/AndroidManifest.xml
	xmlns:android
		ADDED from src/main/AndroidManifest.xml:2:11-69
uses-sdk
ADDED from src/main/AndroidManifest.xml:7:5-9:41
	android:targetSdkVersion
		ADDED from src/main/AndroidManifest.xml:9:9-38
		INJECTED from src/main/AndroidManifest.xml
		INJECTED from src/main/AndroidManifest.xml
	android:minSdkVersion
		ADDED from src/main/AndroidManifest.xml:8:9-34
		INJECTED from src/main/AndroidManifest.xml
		INJECTED from src/main/AndroidManifest.xml
uses-permission#android.permission.ACCESS_FINE_LOCATION
ADDED from src/main/AndroidManifest.xml:12:5-79
	android:name
		ADDED from src/main/AndroidManifest.xml:12:22-76
uses-permission#android.permission.INTERNET
ADDED from src/main/AndroidManifest.xml:13:5-66
	android:name
		ADDED from src/main/AndroidManifest.xml:13:22-64
uses-permission#android.permission.WRITE_EXTERNAL_STORAGE
ADDED from src/main/AndroidManifest.xml:14:5-81
	android:name
		ADDED from src/main/AndroidManifest.xml:14:22-78
uses-permission#android.permission.RECORD_AUDIO
ADDED from src/main/AndroidManifest.xml:15:5-71
	android:name
		ADDED from src/main/AndroidManifest.xml:15:22-68
application
ADDED from src/main/AndroidManifest.xml:17:5-75:19
	android:label
		ADDED from src/main/AndroidManifest.xml:20:9-41
	android:allowBackup
		ADDED from src/main/AndroidManifest.xml:18:9-35
	android:icon
		ADDED from src/main/AndroidManifest.xml:19:9-51
	android:theme
		ADDED from src/main/AndroidManifest.xml:21:9-40
activity#com.example.mainscreenactivity.MainScreenActivity
ADDED from src/main/AndroidManifest.xml:22:9-31:20
	android:label
		ADDED from src/main/AndroidManifest.xml:24:13-45
	android:name
		ADDED from src/main/AndroidManifest.xml:23:13-77
intent-filter#android.intent.action.MAIN+android.intent.category.LAUNCHER
ADDED from src/main/AndroidManifest.xml:25:13-29:29
action#android.intent.action.MAIN
ADDED from src/main/AndroidManifest.xml:26:17-69
	android:name
		ADDED from src/main/AndroidManifest.xml:26:25-66
category#android.intent.category.LAUNCHER
ADDED from src/main/AndroidManifest.xml:28:17-77
	android:name
		ADDED from src/main/AndroidManifest.xml:28:27-74
activity#com.example.mainscreenactivity.NewProductActivity
ADDED from src/main/AndroidManifest.xml:33:9-36:20
	android:label
		ADDED from src/main/AndroidManifest.xml:35:13-47
	android:name
		ADDED from src/main/AndroidManifest.xml:34:13-49
activity#com.example.mainscreenactivity.Bloc
ADDED from src/main/AndroidManifest.xml:37:9-40:20
	android:label
		ADDED from src/main/AndroidManifest.xml:39:13-43
	android:name
		ADDED from src/main/AndroidManifest.xml:38:13-35
activity#com.example.mainscreenactivity.EditProductActivity
ADDED from src/main/AndroidManifest.xml:42:9-46:20
	android:label
		ADDED from src/main/AndroidManifest.xml:44:13-43
	android:name
		ADDED from src/main/AndroidManifest.xml:43:13-50
activity#com.example.mainscreenactivity.AllProductsActivity
ADDED from src/main/AndroidManifest.xml:48:9-52:20
	android:label
		ADDED from src/main/AndroidManifest.xml:50:13-43
	android:name
		ADDED from src/main/AndroidManifest.xml:49:13-50
activity#com.example.mainscreenactivity.Design
ADDED from src/main/AndroidManifest.xml:53:9-58:20
	android:label
		ADDED from src/main/AndroidManifest.xml:55:13-45
	android:name
		ADDED from src/main/AndroidManifest.xml:54:13-37
activity#com.example.mainscreenactivity.MainActivity
ADDED from src/main/AndroidManifest.xml:59:9-63:20
	android:label
		ADDED from src/main/AndroidManifest.xml:61:13-39
	android:name
		ADDED from src/main/AndroidManifest.xml:60:13-43
activity#com.example.mainscreenactivity.Home
ADDED from src/main/AndroidManifest.xml:64:9-68:20
	android:label
		ADDED from src/main/AndroidManifest.xml:66:13-45
	android:name
		ADDED from src/main/AndroidManifest.xml:65:13-35
activity#com.example.mainscreenactivity.Main
ADDED from src/main/AndroidManifest.xml:69:9-73:20
	android:screenOrientation
		ADDED from src/main/AndroidManifest.xml:72:13-49
	android:label
		ADDED from src/main/AndroidManifest.xml:71:13-42
	android:name
		ADDED from src/main/AndroidManifest.xml:70:13-35
service#com.example.mainscreenactivity.GpsService
ADDED from src/main/AndroidManifest.xml:74:9-47
	android:name
		ADDED from src/main/AndroidManifest.xml:74:18-44